# project dc_client (0.1) configured on Fri Sep  9 17:52:08 2011 by
# waf 1.6.7 (abi 98, python 20701f0 on darwin)
# using ./waf configure
#
----------------------------------------
Setting top to
/Users/angusfretwell/Documents/Gnomescroll/dc_mmo/netclient
----------------------------------------
Setting out to
/Users/angusfretwell/Documents/Gnomescroll/dc_mmo/netclient/build
----------------------------------------
Checking for 'gcc' (c compiler)
find program=['gcc', 'cc'] paths=['/Users/angusfretwell/.rvm/gems/ree-1.8.7-2011.03/bin', '/Users/angusfretwell/.rvm/gems/ree-1.8.7-2011.03@global/bin', '/Users/angusfretwell/.rvm/rubies/ree-1.8.7-2011.03/bin', '/Users/angusfretwell/.rvm/bin', '/usr/bin', '/bin', '/usr/sbin', '/sbin', '/usr/local/bin', '/usr/X11/bin'] var='CC' -> '/usr/bin/gcc'
find program=['ar'] paths=['/Users/angusfretwell/.rvm/gems/ree-1.8.7-2011.03/bin', '/Users/angusfretwell/.rvm/gems/ree-1.8.7-2011.03@global/bin', '/Users/angusfretwell/.rvm/rubies/ree-1.8.7-2011.03/bin', '/Users/angusfretwell/.rvm/bin', '/usr/bin', '/bin', '/usr/sbin', '/sbin', '/usr/local/bin', '/usr/X11/bin'] var='AR' -> '/usr/bin/ar'
/usr/bin/gcc
----------------------------------------
Checking for program python
/usr/bin/python
find program=['python'] paths=['/Users/angusfretwell/.rvm/gems/ree-1.8.7-2011.03/bin', '/Users/angusfretwell/.rvm/gems/ree-1.8.7-2011.03@global/bin', '/Users/angusfretwell/.rvm/rubies/ree-1.8.7-2011.03/bin', '/Users/angusfretwell/.rvm/bin', '/usr/bin', '/bin', '/usr/sbin', '/sbin', '/usr/local/bin', '/usr/X11/bin'] var='PYTHON' -> '/usr/bin/python'
----------------------------------------
Checking for program cython
/usr/local/bin/cython
find program=['cython'] paths=['/Users/angusfretwell/.rvm/gems/ree-1.8.7-2011.03/bin', '/Users/angusfretwell/.rvm/gems/ree-1.8.7-2011.03@global/bin', '/Users/angusfretwell/.rvm/rubies/ree-1.8.7-2011.03/bin', '/Users/angusfretwell/.rvm/bin', '/usr/bin', '/bin', '/usr/sbin', '/sbin', '/usr/local/bin', '/usr/X11/bin'] var='CYTHON' -> '/usr/local/bin/cython'
['/usr/bin/python', '-c', 'import sys\nfor x in sys.version_info: print(str(x))']
out: 2
7
1
final
0

['/usr/bin/python', '-c', "from distutils.sysconfig import get_python_lib\n\nprint(repr(get_python_lib(standard_lib=0, prefix='/usr/local') or ''))"]
out: '/usr/local/lib/python2.7/site-packages'

['/usr/bin/python', '-c', "from distutils.sysconfig import get_python_lib\n\nprint(repr(get_python_lib(plat_specific=1, standard_lib=0, prefix='/usr/local') or ''))"]
out: '/usr/local/lib/python2.7/site-packages'

----------------------------------------
Checking for python version
(2, 7, 1, 'final', 0)
['/usr/bin/python', '-c', "from distutils.sysconfig import get_config_var\n\nprint(repr(get_config_var('prefix') or ''))\nprint(repr(get_config_var('SO') or ''))\nprint(repr(get_config_var('LDFLAGS') or ''))\nprint(repr(get_config_var('LIBDIR') or ''))\nprint(repr(get_config_var('LIBPL') or ''))\nprint(repr(get_config_var('INCLUDEPY') or ''))\nprint(repr(get_config_var('Py_ENABLE_SHARED') or ''))\nprint(repr(get_config_var('MACOSX_DEPLOYMENT_TARGET') or ''))\nprint(repr(get_config_var('LDSHARED') or ''))\nprint(repr(get_config_var('CFLAGS') or ''))"]
out: '/System/Library/Frameworks/Python.framework/Versions/2.7'
'.so'
'-Wl,-F. -arch i386 -arch x86_64'
'/System/Library/Frameworks/Python.framework/Versions/2.7/lib'
'/System/Library/Frameworks/Python.framework/Versions/2.7/lib/python2.7/config'
'/System/Library/Frameworks/Python.framework/Versions/2.7/include/python2.7'
''
'10.7'
'llvm-gcc-4.2 -Wl,-F. -bundle -undefined dynamic_lookup -Wl,-F. -arch i386 -arch x86_64'
'-fno-strict-aliasing -fno-common -dynamic -g -Os -pipe -fno-common -fno-strict-aliasing -fwrapv -mno-fused-madd -DENABLE_DTRACE -DMACOSX -DNDEBUG -Wall -Wstrict-prototypes -Wshorten-64-to-32 -DNDEBUG -g -fwrapv -Os -Wall -Wstrict-prototypes -DENABLE_DTRACE -arch i386 -arch x86_64'

Configuration returned from ['/usr/bin/python']:
"prefix = '/System/Library/Frameworks/Python.framework/Versions/2.7'\nSO = '.so'\nLDFLAGS = '-Wl,-F. -arch i386 -arch x86_64'\nLIBDIR = '/System/Library/Frameworks/Python.framework/Versions/2.7/lib'\nLIBPL = '/System/Library/Frameworks/Python.framework/Versions/2.7/lib/python2.7/config'\nINCLUDEPY = '/System/Library/Frameworks/Python.framework/Versions/2.7/include/python2.7'\nPy_ENABLE_SHARED = ''\nMACOSX_DEPLOYMENT_TARGET = '10.7'\nLDSHARED = 'llvm-gcc-4.2 -Wl,-F. -bundle -undefined dynamic_lookup -Wl,-F. -arch i386 -arch x86_64'\nCFLAGS = '-fno-strict-aliasing -fno-common -dynamic -g -Os -pipe -fno-common -fno-strict-aliasing -fwrapv -mno-fused-madd -DENABLE_DTRACE -DMACOSX -DNDEBUG -Wall -Wstrict-prototypes -Wshorten-64-to-32 -DNDEBUG -g -fwrapv -Os -Wall -Wstrict-prototypes -DENABLE_DTRACE -arch i386 -arch x86_64'"



# try again with -L$python_LIBDIR: ['/System/Library/Frameworks/Python.framework/Versions/2.7/lib']

----------------------------------------
Checking for library python2.7 in LIBDIR
==>

int main() {
	return 0;
}

<==
[1/2] [32mc: build/.conf_check_1a4a04c3dd82a56e12b41e2c5da0c009/test.c -> build/.conf_check_1a4a04c3dd82a56e12b41e2c5da0c009/testbuild/test.c.1.o
[0m
['/usr/bin/gcc', '-arch', 'i386', '-arch', 'x86_64', '-arch', 'i386', '-arch', 'x86_64', '-fno-strict-aliasing', '-fno-common', '-dynamic', '-fno-common', '-fno-strict-aliasing', '-fwrapv', '-mno-fused-madd', '-fwrapv', '-arch', 'i386', '-arch', 'x86_64', '-DPYTHONDIR="/usr/local/lib/python2.7/site-packages"', '-DPYTHONARCHDIR="/usr/local/lib/python2.7/site-packages"', '-DENABLE_DTRACE', '-DMACOSX', '-DNDEBUG', '-DNDEBUG', '-DENABLE_DTRACE', '../test.c', '-c', '-o', 'test.c.1.o']
[2/2] [33mcprogram: build/.conf_check_1a4a04c3dd82a56e12b41e2c5da0c009/testbuild/test.c.1.o -> build/.conf_check_1a4a04c3dd82a56e12b41e2c5da0c009/testbuild/testprog
[0m
['/usr/bin/gcc', 'test.c.1.o', '-o', '/Users/angusfretwell/Documents/Gnomescroll/dc_mmo/netclient/build/.conf_check_1a4a04c3dd82a56e12b41e2c5da0c009/testbuild/testprog', '-L/System/Library/Frameworks/Python.framework/Versions/2.7/lib', '-lpython2.7', '-Wl,-F.', '-arch', 'i386', '-arch', 'x86_64', '-Wl,-F.', '-Wl,-F.', '-arch', 'i386', '-arch', 'x86_64', '-arch', 'i386', '-arch', 'x86_64']
yes
-------------------------------------------------------------------------
Checking for program python2.7-config,python-config-2.7,python2.7m-config
/usr/bin/python2.7-config
find program=['python2.7-config', 'python-config-2.7', 'python2.7m-config'] paths=['/Users/angusfretwell/.rvm/gems/ree-1.8.7-2011.03/bin', '/Users/angusfretwell/.rvm/gems/ree-1.8.7-2011.03@global/bin', '/Users/angusfretwell/.rvm/rubies/ree-1.8.7-2011.03/bin', '/Users/angusfretwell/.rvm/bin', '/usr/bin', '/bin', '/usr/sbin', '/sbin', '/usr/local/bin', '/usr/X11/bin'] var='PYTHON_CONFIG' -> '/usr/bin/python2.7-config'
['/usr/bin/python2.7-config', '--includes']
out: -I/System/Library/Frameworks/Python.framework/Versions/2.7/include/python2.7 -I/System/Library/Frameworks/Python.framework/Versions/2.7/include/python2.7

Include path for Python extensions (found via python-config --includes): ['/System/Library/Frameworks/Python.framework/Versions/2.7/include/python2.7']

-------------------------------------------------------------------------
Checking for header Python.h
==>

#include <Python.h>
#ifdef __cplusplus
extern "C" {
#endif
	void Py_Initialize(void);
	void Py_Finalize(void);
#ifdef __cplusplus
}
#endif
int main()
{
   Py_Initialize();
   Py_Finalize();
   return 0;
}

<==
[1/2] [32mc: build/.conf_check_c6c8da319381fd66e61a95e5d53bf289/test.c -> build/.conf_check_c6c8da319381fd66e61a95e5d53bf289/testbuild/test.c.1.o
[0m
['/usr/bin/gcc', '-arch', 'i386', '-arch', 'x86_64', '-arch', 'i386', '-arch', 'x86_64', '-fno-strict-aliasing', '-fno-common', '-dynamic', '-fno-common', '-fno-strict-aliasing', '-fwrapv', '-mno-fused-madd', '-fwrapv', '-arch', 'i386', '-arch', 'x86_64', '-fno-strict-aliasing', '-I/System/Library/Frameworks/Python.framework/Versions/2.7/include/python2.7', '-DPYTHONDIR="/usr/local/lib/python2.7/site-packages"', '-DPYTHONARCHDIR="/usr/local/lib/python2.7/site-packages"', '-DENABLE_DTRACE', '-DMACOSX', '-DNDEBUG', '-DNDEBUG', '-DENABLE_DTRACE', '../test.c', '-c', '-o', 'test.c.1.o']
[2/2] [33mcprogram: build/.conf_check_c6c8da319381fd66e61a95e5d53bf289/testbuild/test.c.1.o -> build/.conf_check_c6c8da319381fd66e61a95e5d53bf289/testbuild/testprog
[0m
['/usr/bin/gcc', 'test.c.1.o', '-o', '/Users/angusfretwell/Documents/Gnomescroll/dc_mmo/netclient/build/.conf_check_c6c8da319381fd66e61a95e5d53bf289/testbuild/testprog', '-L/System/Library/Frameworks/Python.framework/Versions/2.7/lib', '-lpython2.7', '-Wl,-F.', '-arch', 'i386', '-arch', 'x86_64', '-Wl,-F.', '-Wl,-F.', '-arch', 'i386', '-arch', 'x86_64', '-arch', 'i386', '-arch', 'x86_64']
yes
-------------------------------------------------------------------------
Checking for header GL/glew.h
==>
#include <GL/glew.h>

int main() {
	return 0;
}

<==
[1/2] [32mc: build/.conf_check_1b2a767de366a942ed54c3d2a19082e8/test.c -> build/.conf_check_1b2a767de366a942ed54c3d2a19082e8/testbuild/test.c.1.o
[0m
['/usr/bin/gcc', '-g', '-Wall', '-DPYTHONDIR="/usr/local/lib/python2.7/site-packages"', '-DPYTHONARCHDIR="/usr/local/lib/python2.7/site-packages"', '-DHAVE_PYTHON_H=1', '../test.c', '-c', '-o', 'test.c.1.o']
[2/2] [33mcprogram: build/.conf_check_1b2a767de366a942ed54c3d2a19082e8/testbuild/test.c.1.o -> build/.conf_check_1b2a767de366a942ed54c3d2a19082e8/testbuild/testprog
[0m
['/usr/bin/gcc', 'test.c.1.o', '-o', '/Users/angusfretwell/Documents/Gnomescroll/dc_mmo/netclient/build/.conf_check_1b2a767de366a942ed54c3d2a19082e8/testbuild/testprog']
yes
-------------------------------------------------------------------------
Checking for library ['GLEW']
==>

int main() {
	return 0;
}

<==
[1/2] [32mc: build/.conf_check_e5363a516de0b554508ed1ac445b05db/test.c -> build/.conf_check_e5363a516de0b554508ed1ac445b05db/testbuild/test.c.1.o
[0m
['/usr/bin/gcc', '-g', '-Wall', '-DPYTHONDIR="/usr/local/lib/python2.7/site-packages"', '-DPYTHONARCHDIR="/usr/local/lib/python2.7/site-packages"', '-DHAVE_PYTHON_H=1', '-DHAVE_GL_GLEW_H=1', '../test.c', '-c', '-o', 'test.c.1.o']
[2/2] [33mcprogram: build/.conf_check_e5363a516de0b554508ed1ac445b05db/testbuild/test.c.1.o -> build/.conf_check_e5363a516de0b554508ed1ac445b05db/testbuild/testprog
[0m
['/usr/bin/gcc', 'test.c.1.o', '-o', '/Users/angusfretwell/Documents/Gnomescroll/dc_mmo/netclient/build/.conf_check_e5363a516de0b554508ed1ac445b05db/testbuild/testprog', '-framework', 'Cocoa', '-framework', 'OpenGL', '-lGLEW']
yes
-------------------------------------------------------------------------
Checking for 'sdl-config'
['sdl-config', '--cflags', '--libs']
out: -I/usr/local/include/SDL -D_GNU_SOURCE=1 -D_THREAD_SAFE
-L/usr/local/lib -lSDLmain -lSDL -Wl,-framework,Cocoa

yes
-------------------------------------------------------------------------
Checking for header SDL.h
==>
#include <SDL.h>
int main(int argc, char *argv[]) {
    return 0;
}

<==
[1/2] [32mc: build/.conf_check_f16b2bb0f7e98583ba0d6bf192e74e82/test.c -> build/.conf_check_f16b2bb0f7e98583ba0d6bf192e74e82/testbuild/test.c.1.o
[0m
['/usr/bin/gcc', '-g', '-Wall', '-I/usr/local/include/SDL', '-DPYTHONDIR="/usr/local/lib/python2.7/site-packages"', '-DPYTHONARCHDIR="/usr/local/lib/python2.7/site-packages"', '-DHAVE_PYTHON_H=1', '-DHAVE_GL_GLEW_H=1', '-DHAVE_SDL=1', '-D_GNU_SOURCE=1', '-D_THREAD_SAFE', '../test.c', '-c', '-o', 'test.c.1.o']
[2/2] [33mcprogram: build/.conf_check_f16b2bb0f7e98583ba0d6bf192e74e82/testbuild/test.c.1.o -> build/.conf_check_f16b2bb0f7e98583ba0d6bf192e74e82/testbuild/testprog
[0m
['/usr/bin/gcc', 'test.c.1.o', '-o', '/Users/angusfretwell/Documents/Gnomescroll/dc_mmo/netclient/build/.conf_check_f16b2bb0f7e98583ba0d6bf192e74e82/testbuild/testprog', '-L/usr/local/lib', '-lSDLmain', '-lSDL', '-Wl,-framework,Cocoa']
yes
-------------------------------------------------------------------------
Checking for header SDL_image.h
==>
#include <SDL_image.h>
int main(int argc, char *argv[]) {
    return 0;
}

<==
[1/2] [32mc: build/.conf_check_53980517ca64e63faa6fff89e8a3b48a/test.c -> build/.conf_check_53980517ca64e63faa6fff89e8a3b48a/testbuild/test.c.1.o
[0m
['/usr/bin/gcc', '-g', '-Wall', '-I/usr/local/include/SDL', '-DPYTHONDIR="/usr/local/lib/python2.7/site-packages"', '-DPYTHONARCHDIR="/usr/local/lib/python2.7/site-packages"', '-DHAVE_PYTHON_H=1', '-DHAVE_GL_GLEW_H=1', '-DHAVE_SDL=1', '-DHAVE_SDL_H=1', '-D_GNU_SOURCE=1', '-D_THREAD_SAFE', '../test.c', '-c', '-o', 'test.c.1.o']
[2/2] [33mcprogram: build/.conf_check_53980517ca64e63faa6fff89e8a3b48a/testbuild/test.c.1.o -> build/.conf_check_53980517ca64e63faa6fff89e8a3b48a/testbuild/testprog
[0m
['/usr/bin/gcc', 'test.c.1.o', '-o', '/Users/angusfretwell/Documents/Gnomescroll/dc_mmo/netclient/build/.conf_check_53980517ca64e63faa6fff89e8a3b48a/testbuild/testprog', '-L/usr/local/lib', '-lSDL_image', '-lSDLmain', '-lSDL', '-Wl,-framework,Cocoa']
yes
-------------------------------------------------------------------------
Checking for header fmod.h
==>
#include <fmod.h>

int main() {
	return 0;
}

<==
[1/2] [32mc: build/.conf_check_2d884d44d1aa606cf5c8e65ce69ef8a3/test.c -> build/.conf_check_2d884d44d1aa606cf5c8e65ce69ef8a3/testbuild/test.c.1.o
[0m
['/usr/bin/gcc', '-g', '-Wall', '-I/Users/angusfretwell/Documents/Gnomescroll/dc_mmo/netclient/build/libraries/lin/fmod/inc', '-I/Users/angusfretwell/Documents/Gnomescroll/dc_mmo/netclient/libraries/lin/fmod/inc', '-DPYTHONDIR="/usr/local/lib/python2.7/site-packages"', '-DPYTHONARCHDIR="/usr/local/lib/python2.7/site-packages"', '-DHAVE_PYTHON_H=1', '-DHAVE_GL_GLEW_H=1', '-DHAVE_SDL=1', '-DHAVE_SDL_H=1', '-DHAVE_SDL_IMAGE_H=1', '../test.c', '-c', '-o', 'test.c.1.o']
[2/2] [33mcprogram: build/.conf_check_2d884d44d1aa606cf5c8e65ce69ef8a3/testbuild/test.c.1.o -> build/.conf_check_2d884d44d1aa606cf5c8e65ce69ef8a3/testbuild/testprog
[0m
['/usr/bin/gcc', 'test.c.1.o', '-o', '/Users/angusfretwell/Documents/Gnomescroll/dc_mmo/netclient/build/.conf_check_2d884d44d1aa606cf5c8e65ce69ef8a3/testbuild/testprog']
yes
-------------------------------------------------------------------------
Checking for library ['fmodex']
==>

int main() {
	return 0;
}

<==
[1/2] [32mc: build/.conf_check_837cb30421f6dadd30c876b822d252d1/test.c -> build/.conf_check_837cb30421f6dadd30c876b822d252d1/testbuild/test.c.1.o
[0m
['/usr/bin/gcc', '-g', '-Wall', '-I/Users/angusfretwell/Documents/Gnomescroll/dc_mmo/netclient/build/libraries/lin/fmod/inc', '-I/Users/angusfretwell/Documents/Gnomescroll/dc_mmo/netclient/libraries/lin/fmod/inc', '-DPYTHONDIR="/usr/local/lib/python2.7/site-packages"', '-DPYTHONARCHDIR="/usr/local/lib/python2.7/site-packages"', '-DHAVE_PYTHON_H=1', '-DHAVE_GL_GLEW_H=1', '-DHAVE_SDL=1', '-DHAVE_SDL_H=1', '-DHAVE_SDL_IMAGE_H=1', '-DHAVE_FMOD_H=1', '../test.c', '-c', '-o', 'test.c.1.o']
[2/2] [33mcprogram: build/.conf_check_837cb30421f6dadd30c876b822d252d1/testbuild/test.c.1.o -> build/.conf_check_837cb30421f6dadd30c876b822d252d1/testbuild/testprog
[0m
['/usr/bin/gcc', 'test.c.1.o', '-o', '/Users/angusfretwell/Documents/Gnomescroll/dc_mmo/netclient/build/.conf_check_837cb30421f6dadd30c876b822d252d1/testbuild/testprog', '-L../../../libraries/lin/fmod/lib', '-lfmodex']
err: ld: warning: ignoring file ../../../libraries/lin/fmod/lib/libfmodex.so, file was built for unsupported file format which is not the architecture being linked (x86_64)

yes
